0 verbose cli /home/userland/.nvm/versions/node/v22.14.0/bin/node /home/userland/.nvm/versions/node/v22.14.0/bin/npm
1 info using npm@10.9.2
2 info using node@v22.14.0
3 silly config load:file:/home/userland/.nvm/versions/node/v22.14.0/lib/node_modules/npm/npmrc
4 silly config load:file:/home/userland/.npmrc
5 silly config load:file:/home/userland/.nvm/versions/node/v22.14.0/etc/npmrc
6 verbose title npm install
7 verbose argv "install"
8 verbose logfile logs-max:10 dir:/home/userland/.npm/_logs/2025-02-19T01_50_41_541Z-
9 verbose logfile /home/userland/.npm/_logs/2025-02-19T01_50_41_541Z-debug-0.log
10 silly logfile start cleaning logs, removing 1 files
11 silly logfile done cleaning log files
12 silly packumentCache heap:240123904 maxSize:60030976 maxEntrySize:30015488
13 silly idealTree buildDeps
14 silly reify moves {}
15 silly audit bulk request {
15 silly audit   asynckit: [ '0.4.0' ],
15 silly audit   axios: [ '1.7.9' ],
15 silly audit   'call-bind-apply-helpers': [ '1.0.2' ],
15 silly audit   'combined-stream': [ '1.0.8' ],
15 silly audit   'delayed-stream': [ '1.0.0' ],
15 silly audit   'dunder-proto': [ '1.0.1' ],
15 silly audit   'es-define-property': [ '1.0.1' ],
15 silly audit   'es-errors': [ '1.3.0' ],
15 silly audit   'es-object-atoms': [ '1.1.1' ],
15 silly audit   'es-set-tostringtag': [ '2.1.0' ],
15 silly audit   'follow-redirects': [ '1.15.9' ],
15 silly audit   'form-data': [ '4.0.2' ],
15 silly audit   'function-bind': [ '1.1.2' ],
15 silly audit   'get-intrinsic': [ '1.2.7' ],
15 silly audit   'get-proto': [ '1.0.1' ],
15 silly audit   gopd: [ '1.2.0' ],
15 silly audit   'has-symbols': [ '1.1.0' ],
15 silly audit   'has-tostringtag': [ '1.0.2' ],
15 silly audit   hasown: [ '2.0.2' ],
15 silly audit   'math-intrinsics': [ '1.1.0' ],
15 silly audit   'mime-db': [ '1.52.0' ],
15 silly audit   'mime-types': [ '2.1.35' ],
15 silly audit   'proxy-from-env': [ '1.1.0' ]
15 silly audit }
16 http fetch POST 200 https://registry.npmjs.org/-/npm/v1/security/advisories/bulk 1951ms
17 silly audit report {}
18 verbose cwd /home/userland/spotbulle-mvp/frontend/frontend
19 verbose os Linux 4.14.133+
20 verbose node v22.14.0
21 verbose npm  v10.9.2
22 verbose exit 0
23 info ok
