0 verbose cli /home/userland/.nvm/versions/node/v22.14.0/bin/node /home/userland/.nvm/versions/node/v22.14.0/bin/npm
1 info using npm@10.9.2
2 info using node@v22.14.0
3 silly config load:file:/home/userland/.nvm/versions/node/v22.14.0/lib/node_modules/npm/npmrc
4 silly config load:file:/home/userland/.npmrc
5 silly config load:file:/home/userland/.nvm/versions/node/v22.14.0/etc/npmrc
6 verbose title npm install axios
7 verbose argv "install" "axios"
8 verbose logfile logs-max:10 dir:/home/userland/.npm/_logs/2025-02-19T01_25_41_474Z-
9 verbose logfile /home/userland/.npm/_logs/2025-02-19T01_25_41_474Z-debug-0.log
10 silly logfile start cleaning logs, removing 1 files
11 silly logfile done cleaning log files
12 silly packumentCache heap:240123904 maxSize:60030976 maxEntrySize:30015488
13 silly idealTree buildDeps
14 silly fetch manifest axios@^1.7.9
15 silly packumentCache full:https://registry.npmjs.org/axios cache-miss
16 http fetch GET 200 https://registry.npmjs.org/axios 1243ms (cache updated)
17 silly packumentCache full:https://registry.npmjs.org/axios set size:undefined disposed:false
18 silly placeDep ROOT axios@1.7.9 REPLACE for:  want: ^1.7.9
19 silly reify moves {}
20 silly audit bulk request {
20 silly audit   asynckit: [ '0.4.0' ],
20 silly audit   'call-bind-apply-helpers': [ '1.0.2' ],
20 silly audit   'combined-stream': [ '1.0.8' ],
20 silly audit   'delayed-stream': [ '1.0.0' ],
20 silly audit   'dunder-proto': [ '1.0.1' ],
20 silly audit   'es-define-property': [ '1.0.1' ],
20 silly audit   'es-errors': [ '1.3.0' ],
20 silly audit   'es-object-atoms': [ '1.1.1' ],
20 silly audit   'es-set-tostringtag': [ '2.1.0' ],
20 silly audit   'follow-redirects': [ '1.15.9' ],
20 silly audit   'form-data': [ '4.0.2' ],
20 silly audit   'function-bind': [ '1.1.2' ],
20 silly audit   'get-intrinsic': [ '1.2.7' ],
20 silly audit   'get-proto': [ '1.0.1' ],
20 silly audit   gopd: [ '1.2.0' ],
20 silly audit   'has-symbols': [ '1.1.0' ],
20 silly audit   'has-tostringtag': [ '1.0.2' ],
20 silly audit   hasown: [ '2.0.2' ],
20 silly audit   'math-intrinsics': [ '1.1.0' ],
20 silly audit   'mime-db': [ '1.52.0' ],
20 silly audit   'mime-types': [ '2.1.35' ],
20 silly audit   'proxy-from-env': [ '1.1.0' ],
20 silly audit   axios: [ '1.7.9' ]
20 silly audit }
21 http fetch POST 200 https://registry.npmjs.org/-/npm/v1/security/advisories/bulk 478ms
22 silly audit report {}
23 verbose cwd /home/userland/spotbulle-mvp/frontend
24 verbose os Linux 4.14.133+
25 verbose node v22.14.0
26 verbose npm  v10.9.2
27 verbose exit 0
28 info ok
